0 info it worked if it ends with ok
1 verbose cli [ 'C:\\Program Files\\nodejs\\node.exe',
1 verbose cli   'C:\\Users\\ths\\AppData\\Roaming\\npm\\node_modules\\cnpm\\node_modules\\npm\\bin\\npm-cli.js',
1 verbose cli   '--userconfig=C:\\Users\\ths\\.cnpmrc',
1 verbose cli   '--disturl=https://npm.taobao.org/mirrors/node',
1 verbose cli   '--registry=https://registry.npm.taobao.org',
1 verbose cli   'run',
1 verbose cli   'hrm' ]
2 info using npm@3.10.10
3 info using node@v6.2.0
4 verbose run-script [ 'prehrm', 'hrm', 'posthrm' ]
5 info lifecycle @~prehrm: @
6 silly lifecycle @~prehrm: no script for prehrm, continuing
7 info lifecycle @~hrm: @
8 verbose lifecycle @~hrm: unsafe-perm in lifecycle true
9 verbose lifecycle @~hrm: PATH: C:\Users\ths\AppData\Roaming\npm\node_modules\cnpm\node_modules\npm\bin\node-gyp-bin;E:\my\myGit\Base\study\redux\rx0501\node_modules\.bin;D:\Program Files\androidSdk\platform-tools;;C:\Ruby22\bin;C:\Windows\system32;C:\Windows;C:\Windows\System32\Wbem;C:\Windows\System32\WindowsPowerShell\v1.0\;C:\Program Files\TortoiseSVN\bin;C:\Program Files (x86)\Java\jdk1.8.0_71\bin;C:\Program Files\nodejs\;D:\Program Files\AndroidMoNi\Nox\bin;;D:\Program Files\MicrosoftVSCode\bin;C:\Users\ths\AppData\Roaming\npm;C:\AppServ\Apache24\bin;C:\AppServ\php5;C:\AppServ\MySQL\bin
10 verbose lifecycle @~hrm: CWD: E:\my\myGit\Base\study\redux\rx0501
11 silly lifecycle @~hrm: Args: [ '/d /s /c', 'webpack-dev-server --hot --inline' ]
12 silly lifecycle @~hrm: Returned: code: 3221225786  signal: null
13 info lifecycle @~hrm: Failed to exec hrm script
14 verbose stack Error: @ hrm: `webpack-dev-server --hot --inline`
14 verbose stack Exit status 3221225786
14 verbose stack     at EventEmitter.<anonymous> (C:\Users\ths\AppData\Roaming\npm\node_modules\cnpm\node_modules\npm\lib\utils\lifecycle.js:255:16)
14 verbose stack     at emitTwo (events.js:106:13)
14 verbose stack     at EventEmitter.emit (events.js:191:7)
14 verbose stack     at ChildProcess.<anonymous> (C:\Users\ths\AppData\Roaming\npm\node_modules\cnpm\node_modules\npm\lib\utils\spawn.js:40:14)
14 verbose stack     at emitTwo (events.js:106:13)
14 verbose stack     at ChildProcess.emit (events.js:191:7)
14 verbose stack     at maybeClose (internal/child_process.js:850:16)
14 verbose stack     at Process.ChildProcess._handle.onexit (internal/child_process.js:215:5)
15 verbose pkgid @
16 verbose cwd E:\my\myGit\Base\study\redux\rx0501
17 error Windows_NT 6.1.7601
18 error argv "C:\\Program Files\\nodejs\\node.exe" "C:\\Users\\ths\\AppData\\Roaming\\npm\\node_modules\\cnpm\\node_modules\\npm\\bin\\npm-cli.js" "--userconfig=C:\\Users\\ths\\.cnpmrc" "--disturl=https://npm.taobao.org/mirrors/node" "--registry=https://registry.npm.taobao.org" "run" "hrm"
19 error node v6.2.0
20 error npm  v3.10.10
21 error code ELIFECYCLE
22 error @ hrm: `webpack-dev-server --hot --inline`
22 error Exit status 3221225786
23 error Failed at the @ hrm script 'webpack-dev-server --hot --inline'.
23 error Make sure you have the latest version of node.js and npm installed.
23 error If you do, this is most likely a problem with the  package,
23 error not with npm itself.
23 error Tell the author that this fails on your system:
23 error     webpack-dev-server --hot --inline
23 error You can get information on how to open an issue for this project with:
23 error     npm bugs
23 error Or if that isn't available, you can get their info via:
23 error     npm owner ls
23 error There is likely additional logging output above.
24 verbose exit [ 1, true ]
